2020-07-05 15:06:13.387  INFO 24180 --- [main] booter.wechatapp.WechatAppApplication    : Starting WechatAppApplication on DESKTOP-EVTHP4C with PID 24180 (E:\Document\wechatApp\target\classes started by wuyachong in E:\Document\wechatApp)
2020-07-05 15:06:13.390  INFO 24180 --- [main] booter.wechatapp.WechatAppApplication    : No active profile set, falling back to default profiles: default
2020-07-05 15:06:14.348  INFO 24180 --- [main] o.s.b.w.embedded.tomcat.TomcatWebServer  : Tomcat initialized with port(s): 80 (http)
2020-07-05 15:06:14.359  INFO 24180 --- [main] o.apache.catalina.core.StandardService   : Starting service [Tomcat]
2020-07-05 15:06:14.359  INFO 24180 --- [main] org.apache.catalina.core.StandardEngine  : Starting Servlet engine: [Apache Tomcat/9.0.36]
2020-07-05 15:06:14.454  INFO 24180 --- [main] o.a.c.c.C.[Tomcat].[localhost].[/]       : Initializing Spring embedded WebApplicationContext
2020-07-05 15:06:14.454  INFO 24180 --- [main] w.s.c.ServletWebServerApplicationContext : Root WebApplicationContext: initialization completed in 1015 ms
2020-07-05 15:06:14.638  INFO 24180 --- [main] o.s.s.concurrent.ThreadPoolTaskExecutor  : Initializing ExecutorService 'applicationTaskExecutor'
2020-07-05 15:06:14.820  INFO 24180 --- [main] o.s.b.w.embedded.tomcat.TomcatWebServer  : Tomcat started on port(s): 80 (http) with context path ''
2020-07-05 15:06:14.832  INFO 24180 --- [main] booter.wechatapp.WechatAppApplication    : Started WechatAppApplication in 1.886 seconds (JVM running for 3.351)
2020-07-05 15:06:32.690  INFO 24180 --- [http-nio-80-exec-1] o.a.c.c.C.[Tomcat].[localhost].[/]       : Initializing Spring DispatcherServlet 'dispatcherServlet'
2020-07-05 15:06:32.691  INFO 24180 --- [http-nio-80-exec-1] o.s.web.servlet.DispatcherServlet        : Initializing Servlet 'dispatcherServlet'
2020-07-05 15:06:32.697  INFO 24180 --- [http-nio-80-exec-1] o.s.web.servlet.DispatcherServlet        : Completed initialization in 6 ms
2020-07-05 15:07:47.097  INFO 24180 --- [SpringContextShutdownHook] o.s.s.concurrent.ThreadPoolTaskExecutor  : Shutting down ExecutorService 'applicationTaskExecutor'
2020-07-05 15:07:52.533  INFO 2568 --- [main] booter.wechatapp.WechatAppApplication    : Starting WechatAppApplication on DESKTOP-EVTHP4C with PID 2568 (E:\Document\wechatApp\target\classes started by wuyachong in E:\Document\wechatApp)
2020-07-05 15:07:52.537  INFO 2568 --- [main] booter.wechatapp.WechatAppApplication    : No active profile set, falling back to default profiles: default
2020-07-05 15:07:53.489  INFO 2568 --- [main] o.s.b.w.embedded.tomcat.TomcatWebServer  : Tomcat initialized with port(s): 80 (http)
2020-07-05 15:07:53.499  INFO 2568 --- [main] o.apache.catalina.core.StandardService   : Starting service [Tomcat]
2020-07-05 15:07:53.499  INFO 2568 --- [main] org.apache.catalina.core.StandardEngine  : Starting Servlet engine: [Apache Tomcat/9.0.36]
2020-07-05 15:07:53.594  INFO 2568 --- [main] o.a.c.c.C.[Tomcat].[localhost].[/]       : Initializing Spring embedded WebApplicationContext
2020-07-05 15:07:53.595  INFO 2568 --- [main] w.s.c.ServletWebServerApplicationContext : Root WebApplicationContext: initialization completed in 1009 ms
2020-07-05 15:07:53.776  INFO 2568 --- [main] o.s.s.concurrent.ThreadPoolTaskExecutor  : Initializing ExecutorService 'applicationTaskExecutor'
2020-07-05 15:07:53.956  INFO 2568 --- [main] o.s.b.w.embedded.tomcat.TomcatWebServer  : Tomcat started on port(s): 80 (http) with context path ''
2020-07-05 15:07:53.967  INFO 2568 --- [main] booter.wechatapp.WechatAppApplication    : Started WechatAppApplication in 1.889 seconds (JVM running for 2.741)
2020-07-05 15:08:01.852  INFO 2568 --- [http-nio-80-exec-1] o.a.c.c.C.[Tomcat].[localhost].[/]       : Initializing Spring DispatcherServlet 'dispatcherServlet'
2020-07-05 15:08:01.852  INFO 2568 --- [http-nio-80-exec-1] o.s.web.servlet.DispatcherServlet        : Initializing Servlet 'dispatcherServlet'
2020-07-05 15:08:01.858  INFO 2568 --- [http-nio-80-exec-1] o.s.web.servlet.DispatcherServlet        : Completed initialization in 6 ms
2020-07-05 15:09:29.832  INFO 2568 --- [SpringContextShutdownHook] o.s.s.concurrent.ThreadPoolTaskExecutor  : Shutting down ExecutorService 'applicationTaskExecutor'
2020-07-05 15:09:33.653  INFO 12056 --- [main] booter.wechatapp.WechatAppApplication    : Starting WechatAppApplication on DESKTOP-EVTHP4C with PID 12056 (E:\Document\wechatApp\target\classes started by wuyachong in E:\Document\wechatApp)
2020-07-05 15:09:33.657  INFO 12056 --- [main] booter.wechatapp.WechatAppApplication    : No active profile set, falling back to default profiles: default
2020-07-05 15:09:34.640  INFO 12056 --- [main] o.s.b.w.embedded.tomcat.TomcatWebServer  : Tomcat initialized with port(s): 80 (http)
2020-07-05 15:09:34.650  INFO 12056 --- [main] o.apache.catalina.core.StandardService   : Starting service [Tomcat]
2020-07-05 15:09:34.651  INFO 12056 --- [main] org.apache.catalina.core.StandardEngine  : Starting Servlet engine: [Apache Tomcat/9.0.36]
2020-07-05 15:09:34.745  INFO 12056 --- [main] o.a.c.c.C.[Tomcat].[localhost].[/]       : Initializing Spring embedded WebApplicationContext
2020-07-05 15:09:34.746  INFO 12056 --- [main] w.s.c.ServletWebServerApplicationContext : Root WebApplicationContext: initialization completed in 1033 ms
2020-07-05 15:09:34.926  INFO 12056 --- [main] o.s.s.concurrent.ThreadPoolTaskExecutor  : Initializing ExecutorService 'applicationTaskExecutor'
2020-07-05 15:09:35.112  INFO 12056 --- [main] o.s.b.w.embedded.tomcat.TomcatWebServer  : Tomcat started on port(s): 80 (http) with context path ''
2020-07-05 15:09:35.125  INFO 12056 --- [main] booter.wechatapp.WechatAppApplication    : Started WechatAppApplication in 1.933 seconds (JVM running for 2.77)
2020-07-05 15:09:44.731  INFO 12056 --- [http-nio-80-exec-1] o.a.c.c.C.[Tomcat].[localhost].[/]       : Initializing Spring DispatcherServlet 'dispatcherServlet'
2020-07-05 15:09:44.732  INFO 12056 --- [http-nio-80-exec-1] o.s.web.servlet.DispatcherServlet        : Initializing Servlet 'dispatcherServlet'
2020-07-05 15:09:44.737  INFO 12056 --- [http-nio-80-exec-1] o.s.web.servlet.DispatcherServlet        : Completed initialization in 5 ms
2020-07-05 15:12:19.796  INFO 12056 --- [SpringContextShutdownHook] o.s.s.concurrent.ThreadPoolTaskExecutor  : Shutting down ExecutorService 'applicationTaskExecutor'
2020-07-05 15:12:23.516  INFO 6280 --- [main] booter.wechatapp.WechatAppApplication    : Starting WechatAppApplication on DESKTOP-EVTHP4C with PID 6280 (E:\Document\wechatApp\target\classes started by wuyachong in E:\Document\wechatApp)
2020-07-05 15:12:23.520  INFO 6280 --- [main] booter.wechatapp.WechatAppApplication    : No active profile set, falling back to default profiles: default
2020-07-05 15:12:25.322  INFO 6280 --- [main] o.s.b.w.embedded.tomcat.TomcatWebServer  : Tomcat initialized with port(s): 80 (http)
2020-07-05 15:12:25.332  INFO 6280 --- [main] o.apache.catalina.core.StandardService   : Starting service [Tomcat]
2020-07-05 15:12:25.332  INFO 6280 --- [main] org.apache.catalina.core.StandardEngine  : Starting Servlet engine: [Apache Tomcat/9.0.36]
2020-07-05 15:12:25.423  INFO 6280 --- [main] o.a.c.c.C.[Tomcat].[localhost].[/]       : Initializing Spring embedded WebApplicationContext
2020-07-05 15:12:25.423  INFO 6280 --- [main] w.s.c.ServletWebServerApplicationContext : Root WebApplicationContext: initialization completed in 1853 ms
2020-07-05 15:12:25.591  INFO 6280 --- [main] o.s.s.concurrent.ThreadPoolTaskExecutor  : Initializing ExecutorService 'applicationTaskExecutor'
2020-07-05 15:12:25.764  INFO 6280 --- [main] o.s.b.w.embedded.tomcat.TomcatWebServer  : Tomcat started on port(s): 80 (http) with context path ''
2020-07-05 15:12:25.775  INFO 6280 --- [main] booter.wechatapp.WechatAppApplication    : Started WechatAppApplication in 2.678 seconds (JVM running for 3.525)
2020-07-05 15:12:32.979  INFO 6280 --- [http-nio-80-exec-1] o.a.c.c.C.[Tomcat].[localhost].[/]       : Initializing Spring DispatcherServlet 'dispatcherServlet'
2020-07-05 15:12:32.980  INFO 6280 --- [http-nio-80-exec-1] o.s.web.servlet.DispatcherServlet        : Initializing Servlet 'dispatcherServlet'
2020-07-05 15:12:32.986  INFO 6280 --- [http-nio-80-exec-1] o.s.web.servlet.DispatcherServlet        : Completed initialization in 6 ms
2020-07-05 15:17:22.370  INFO 6280 --- [SpringContextShutdownHook] o.s.s.concurrent.ThreadPoolTaskExecutor  : Shutting down ExecutorService 'applicationTaskExecutor'
